程序开始...
2017-02-17 15:48:15.291486
{"error_code":"E0000","data":[{"id":"2","user_id":"77","pet_id":"8","start_time":"2017-02-17 15:29:39","collected":"35","status":"1","collectable":"2"}]}
程序执行时间：30584 microseconds...
休眠 1 秒...
2017-02-17 15:48:16.323137
{"error_code":"E0000","data":[{"id":"2","user_id":"77","pet_id":"8","start_time":"2017-02-17 15:29:39","collected":"35","status":"1","collectable":"2"}]}
程序执行时间：21876 microseconds...
休眠 1 秒...
2017-02-17 15:48:17.345564
{"error_code":"E0000","data":[{"id":"2","user_id":"77","pet_id":"8","start_time":"2017-02-17 15:29:39","collected":"35","status":"1","collectable":"2"}]}
程序执行时间：18082 microseconds...
休眠 1 秒...
2017-02-17 15:48:18.364706
{"error_code":"E0000","data":[{"id":"2","user_id":"77","pet_id":"8","start_time":"2017-02-17 15:29:39","collected":"35","status":"1","collectable":"2"}]}
程序执行时间：19367 microseconds...
休眠 1 秒...
2017-02-17 15:48:19.384795
{"error_code":"E0000","data":[{"id":"2","user_id":"77","pet_id":"8","start_time":"2017-02-17 15:29:39","collected":"35","status":"1","collectable":"2"}]}
程序执行时间：29532 microseconds...
休眠 1 秒...
2017-02-17 15:48:20.415408
{"error_code":"E0000","data":[{"id":"2","user_id":"77","pet_id":"8","start_time":"2017-02-17 15:29:39","collected":"35","status":"1","collectable":"2"}]}
程序执行时间：51279 microseconds...
休眠 1 秒...
2017-02-17 15:48:21.467727
{"error_code":"E0000","data":[{"id":"2","user_id":"77","pet_id":"8","start_time":"2017-02-17 15:29:39","collected":"35","status":"1","collectable":"2"}]}
程序执行时间：22334 microseconds...
休眠 1 秒...
2017-02-17 15:48:22.490141
{"error_code":"E0000","data":[{"id":"2","user_id":"77","pet_id":"8","start_time":"2017-02-17 15:29:39","collected":"35","status":"1","collectable":"2"}]}
程序执行时间：17987 microseconds...
休眠 1 秒...
2017-02-17 15:48:23.509209
{"error_code":"E0000","data":[{"id":"2","user_id":"77","pet_id":"8","start_time":"2017-02-17 15:29:39","collected":"35","status":"1","collectable":"2"}]}
程序执行时间：44434 microseconds...
休眠 1 秒...
2017-02-17 15:48:24.554736
{"error_code":"E0000","data":[{"id":"2","user_id":"77","pet_id":"8","start_time":"2017-02-17 15:29:39","collected":"35","status":"1","collectable":"2"}]}
程序执行时间：41886 microseconds...
休眠 1 秒...
2017-02-17 15:48:25.597697
{"error_code":"E0000","data":[{"id":"2","user_id":"77","pet_id":"8","start_time":"2017-02-17 15:29:39","collected":"35","status":"1","collectable":"2"}]}
程序执行时间：22437 microseconds...
休眠 1 秒...
2017-02-17 15:48:26.621197
{"error_code":"E0000","data":[{"id":"2","user_id":"77","pet_id":"8","start_time":"2017-02-17 15:29:39","collected":"35","status":"1","collectable":"2"}]}
程序执行时间：18759 microseconds...
休眠 1 秒...
2017-02-17 15:48:27.641044
{"error_code":"E0000","data":[{"id":"2","user_id":"77","pet_id":"8","start_time":"2017-02-17 15:29:39","collected":"35","status":"1","collectable":"2"}]}
程序执行时间：36922 microseconds...
休眠 1 秒...
2017-02-17 15:48:28.679054
{"error_code":"E0000","data":[{"id":"2","user_id":"77","pet_id":"8","start_time":"2017-02-17 15:29:39","collected":"35","status":"1","collectable":"2"}]}
程序执行时间：53911 microseconds...
休眠 1 秒...
2017-02-17 15:48:29.734059
{"error_code":"E0000","data":[{"id":"2","user_id":"77","pet_id":"8","start_time":"2017-02-17 15:29:39","collected":"35","status":"1","collectable":"2"}]}
程序执行时间：19073 microseconds...
休眠 1 秒...
2017-02-17 15:48:30.754192
{"error_code":"E0000","data":[{"id":"2","user_id":"77","pet_id":"8","start_time":"2017-02-17 15:29:39","collected":"35","status":"1","collectable":"2"}]}
程序执行时间：18192 microseconds...
休眠 1 秒...
2017-02-17 15:48:31.773443
{"error_code":"E0000","data":[{"id":"2","user_id":"77","pet_id":"8","start_time":"2017-02-17 15:29:39","collected":"35","status":"1","collectable":"2"}]}
程序执行时间：21145 microseconds...
休眠 1 秒...
2017-02-17 15:48:32.795659
{"error_code":"E0000","data":[{"id":"2","user_id":"77","pet_id":"8","start_time":"2017-02-17 15:29:39","collected":"35","status":"1","collectable":"2"}]}
程序执行时间：23281 microseconds...
休眠 1 秒...
2017-02-17 15:48:33.820015
{"error_code":"E0000","data":[{"id":"2","user_id":"77","pet_id":"8","start_time":"2017-02-17 15:29:39","collected":"35","status":"1","collectable":"2"}]}
程序执行时间：23397 microseconds...
休眠 1 秒...
2017-02-17 15:48:34.844468
{"error_code":"E0000","data":[{"id":"2","user_id":"77","pet_id":"8","start_time":"2017-02-17 15:29:39","collected":"35","status":"1","collectable":"2"}]}
程序执行时间：19200 microseconds...
休眠 1 秒...
2017-02-17 15:48:35.864727
{"error_code":"E0000","data":[{"id":"2","user_id":"77","pet_id":"8","start_time":"2017-02-17 15:29:39","collected":"35","status":"1","collectable":"2"}]}
程序执行时间：18845 microseconds...
休眠 1 秒...
2017-02-17 15:48:36.884656
{"error_code":"E0000","data":[{"id":"2","user_id":"77","pet_id":"8","start_time":"2017-02-17 15:29:39","collected":"35","status":"1","collectable":"2"}]}
程序执行时间：58623 microseconds...
休眠 1 秒...
2017-02-17 15:48:37.944308
{"error_code":"E0000","data":[{"id":"2","user_id":"77","pet_id":"8","start_time":"2017-02-17 15:29:39","collected":"35","status":"1","collectable":"2"}]}
程序执行时间：28032 microseconds...
休眠 1 秒...
2017-02-17 15:48:38.972856
{"error_code":"E0000","data":[{"id":"2","user_id":"77","pet_id":"8","start_time":"2017-02-17 15:29:39","collected":"35","status":"1","collectable":"2"}]}
程序执行时间：22901 microseconds...
休眠 1 秒...
2017-02-17 15:48:39.996280
{"error_code":"E0000","data":[{"id":"2","user_id":"77","pet_id":"8","start_time":"2017-02-17 15:29:39","collected":"35","status":"1","collectable":"2"}]}
程序执行时间：23499 microseconds...
休眠 1 秒...
2017-02-17 15:48:41.020861
{"error_code":"E0000","data":[{"id":"2","user_id":"77","pet_id":"8","start_time":"2017-02-17 15:29:39","collected":"35","status":"1","collectable":"2"}]}
程序执行时间：46304 microseconds...
休眠 1 秒...
2017-02-17 15:48:42.068220
{"error_code":"E0000","data":[{"id":"2","user_id":"77","pet_id":"8","start_time":"2017-02-17 15:29:39","collected":"35","status":"1","collectable":"2"}]}
程序执行时间：19662 microseconds...
休眠 1 秒...
2017-02-17 15:48:43.088942
{"error_code":"E0000","data":[{"id":"2","user_id":"77","pet_id":"8","start_time":"2017-02-17 15:29:39","collected":"35","status":"1","collectable":"2"}]}
程序执行时间：19445 microseconds...
休眠 1 秒...
2017-02-17 15:48:44.109471
{"error_code":"E0000","data":[{"id":"2","user_id":"77","pet_id":"8","start_time":"2017-02-17 15:29:39","collected":"35","status":"1","collectable":"2"}]}
程序执行时间：45996 microseconds...
休眠 1 秒...
2017-02-17 15:48:45.156539
{"error_code":"E0000","data":[{"id":"2","user_id":"77","pet_id":"8","start_time":"2017-02-17 15:29:39","collected":"35","status":"1","collectable":"2"}]}
程序执行时间：35661 microseconds...
休眠 1 秒...
2017-02-17 15:48:46.193294
{"error_code":"E0000","data":[{"id":"2","user_id":"77","pet_id":"8","start_time":"2017-02-17 15:29:39","collected":"35","status":"1","collectable":"2"}]}
程序执行时间：48483 microseconds...
休眠 1 秒...
2017-02-17 15:48:47.242867
{"error_code":"E0000","data":[{"id":"2","user_id":"77","pet_id":"8","start_time":"2017-02-17 15:29:39","collected":"35","status":"1","collectable":"2"}]}
程序执行时间：54224 microseconds...
休眠 1 秒...
2017-02-17 15:48:48.297918
{"error_code":"E0000","data":[{"id":"2","user_id":"77","pet_id":"8","start_time":"2017-02-17 15:29:39","collected":"35","status":"1","collectable":"2"}]}
程序执行时间：60828 microseconds...
休眠 1 秒...
2017-02-17 15:48:49.359831
{"error_code":"E0000","data":[{"id":"2","user_id":"77","pet_id":"8","start_time":"2017-02-17 15:29:39","collected":"35","status":"1","collectable":"2"}]}
程序执行时间：44745 microseconds...
休眠 1 秒...
2017-02-17 15:48Terminated
Terminated
